yyAddressBook/build/outputs/logs/manifest-merger-debug-report.txt
-- Merging decision tree log ---
manifest
ADDED from src\main\AndroidManifest.xml:2:1-133:12
	package
		ADDED from src\main\AndroidManifest.xml:3:5-36
		INJECTED from src\main\AndroidManifest.xml
		INJECTED from src\main\AndroidManifest.xml
	android:versionName
		ADDED from src\main\AndroidManifest.xml:5:5-32
	android:versionCode
		ADDED from src\main\AndroidManifest.xml:4:5-28
		INJECTED from src\main\AndroidManifest.xml
		INJECTED from src\main\AndroidManifest.xml
	xmlns:android
		ADDED from src\main\AndroidManifest.xml:2:11-69
uses-sdk
ADDED from src\main\AndroidManifest.xml:7:5-9:41
	android:targetSdkVersion
		ADDED from src\main\AndroidManifest.xml:9:9-38
		INJECTED from src\main\AndroidManifest.xml
		INJECTED from src\main\AndroidManifest.xml
	android:minSdkVersion
		ADDED from src\main\AndroidManifest.xml:8:9-35
		INJECTED from src\main\AndroidManifest.xml
		INJECTED from src\main\AndroidManifest.xml
uses-permission#android.permission.READ_CONTACTS
ADDED from src\main\AndroidManifest.xml:11:5-72
	android:name
		ADDED from src\main\AndroidManifest.xml:11:22-69
uses-permission#android.permission.WRITE_CONTACTS
ADDED from src\main\AndroidManifest.xml:12:5-73
	android:name
		ADDED from src\main\AndroidManifest.xml:12:22-70
uses-permission#android.permission.READ_PHONE_STATE
ADDED from src\main\AndroidManifest.xml:13:5-75
	android:name
		ADDED from src\main\AndroidManifest.xml:13:22-72
uses-permission#android.permission.CALL_PHONE
ADDED from src\main\AndroidManifest.xml:14:5-69
	android:name
		ADDED from src\main\AndroidManifest.xml:14:22-66
uses-permission#android.permission.READ_CALL_LOG
ADDED from src\main\AndroidManifest.xml:15:5-72
	android:name
		ADDED from src\main\AndroidManifest.xml:15:22-69
uses-permission#android.permission.WRITE_CALL_LOG
ADDED from src\main\AndroidManifest.xml:16:5-73
	android:name
		ADDED from src\main\AndroidManifest.xml:16:22-70
uses-permission#android.permission.INTERNET
ADDED from src\main\AndroidManifest.xml:17:5-67
	android:name
		ADDED from src\main\AndroidManifest.xml:17:22-64
uses-permission#android.permission.ACCESS_NETWORK_STATE
ADDED from src\main\AndroidManifest.xml:18:5-79
	android:name
		ADDED from src\main\AndroidManifest.xml:18:22-76
uses-permission#android.permission.ACCESS_WIFI_STATE
ADDED from src\main\AndroidManifest.xml:19:5-76
	android:name
		ADDED from src\main\AndroidManifest.xml:19:22-73
uses-permission#android.permission.SYSTEM_ALERT_WINDOW
ADDED from src\main\AndroidManifest.xml:20:5-78
	android:name
		ADDED from src\main\AndroidManifest.xml:20:22-75
uses-permission#android.permission.GET_TASKS
ADDED from src\main\AndroidManifest.xml:21:5-68
	android:name
		ADDED from src\main\AndroidManifest.xml:21:22-65
uses-permission#android.permission.WRITE_EXTERNAL_STORAGE
ADDED from src\main\AndroidManifest.xml:24:5-81
	android:name
		ADDED from src\main\AndroidManifest.xml:24:22-78
application
ADDED from src\main\AndroidManifest.xml:26:5-131:19
	android:label
		ADDED from src\main\AndroidManifest.xml:30:9-41
	android:allowBackup
		ADDED from src\main\AndroidManifest.xml:28:9-35
	android:icon
		ADDED from src\main\AndroidManifest.xml:29:9-42
	android:theme
		ADDED from src\main\AndroidManifest.xml:31:9-62
	android:name
		ADDED from src\main\AndroidManifest.xml:27:9-62
meta-data#UMENG_APPKEY
ADDED from src\main\AndroidManifest.xml:32:9-35:21
	android:value
		ADDED from src\main\AndroidManifest.xml:34:13-53
	android:name
		ADDED from src\main\AndroidManifest.xml:33:13-40
meta-data#UMENG_CHANNEL
ADDED from src\main\AndroidManifest.xml:36:9-38:36
	android:value
		ADDED from src\main\AndroidManifest.xml:38:13-33
	android:name
		ADDED from src\main\AndroidManifest.xml:37:13-41
activity#com.tencent.tauth.AuthActivity
ADDED from src\main\AndroidManifest.xml:40:9-52:20
	android:launchMode
		ADDED from src\main\AndroidManifest.xml:42:13-44
	android:noHistory
		ADDED from src\main\AndroidManifest.xml:43:13-37
	android:name
		ADDED from src\main\AndroidManifest.xml:41:13-58
intent-filter#android.intent.action.VIEW+android.intent.category.BROWSABLE+android.intent.category.DEFAULT
ADDED from src\main\AndroidManifest.xml:44:13-51:29
action#android.intent.action.VIEW
ADDED from src\main\AndroidManifest.xml:45:17-69
	android:name
		ADDED from src\main\AndroidManifest.xml:45:25-66
category#android.intent.category.DEFAULT
ADDED from src\main\AndroidManifest.xml:47:17-76
	android:name
		ADDED from src\main\AndroidManifest.xml:47:27-73
category#android.intent.category.BROWSABLE
ADDED from src\main\AndroidManifest.xml:48:17-78
	android:name
		ADDED from src\main\AndroidManifest.xml:48:27-75
data
ADDED from src\main\AndroidManifest.xml:50:17-60
	android:scheme
		ADDED from src\main\AndroidManifest.xml:50:23-57
activity#com.tencent.connect.common.AssistActivity
ADDED from src\main\AndroidManifest.xml:53:9-56:75
	android:configChanges
		ADDED from src\main\AndroidManifest.xml:55:13-74
	android:theme
		ADDED from src\main\AndroidManifest.xml:56:13-72
	android:name
		ADDED from src\main\AndroidManifest.xml:54:13-69
activity#com.lyy.yyaddressbook.ui.MainActivity
ADDED from src\main\AndroidManifest.xml:57:9-120:20
	android:label
		ADDED from src\main\AndroidManifest.xml:59:13-45
	android:name
		ADDED from src\main\AndroidManifest.xml:58:13-65
intent-filter#android.intent.action.MAIN+android.intent.category.LAUNCHER
ADDED from src\main\AndroidManifest.xml:60:13-64:29
action#android.intent.action.MAIN
ADDED from src\main\AndroidManifest.xml:61:17-69
	android:name
		ADDED from src\main\AndroidManifest.xml:61:25-66
category#android.intent.category.LAUNCHER
ADDED from src\main\AndroidManifest.xml:63:17-77
	android:name
		ADDED from src\main\AndroidManifest.xml:63:27-74
intent-filter#android.intent.action.VIEW+android.intent.category.DEFAULT
ADDED from src\main\AndroidManifest.xml:65:13-73:29
intent-filter#android.intent.action.DIAL+android.intent.category.BROWSABLE+android.intent.category.DEFAULT
ADDED from src\main\AndroidManifest.xml:74:13-82:29
action#android.intent.action.DIAL
ADDED from src\main\AndroidManifest.xml:75:17-69
	android:name
		ADDED from src\main\AndroidManifest.xml:75:25-66
intent-filter#android.intent.action.DIAL+android.intent.category.DEFAULT
ADDED from src\main\AndroidManifest.xml:83:13-87:29
intent-filter#android.intent.action.DIAL+android.intent.action.VIEW+android.intent.category.BROWSABLE+android.intent.category.DEFAULT
ADDED from src\main\AndroidManifest.xml:88:13-96:29
intent-filter#android.intent.action.CALL_BUTTON+android.intent.category.BROWSABLE+android.intent.category.DEFAULT
ADDED from src\main\AndroidManifest.xml:105:13-110:29
action#android.intent.action.CALL_BUTTON
ADDED from src\main\AndroidManifest.xml:106:17-76
	android:name
		ADDED from src\main\AndroidManifest.xml:106:25-73
activity#com.lyy.yyaddressbook.ui.ContactInfoActivity
ADDED from src\main\AndroidManifest.xml:121:9-122:20
	android:name
		ADDED from src\main\AndroidManifest.xml:121:19-78
activity#com.lyy.yyaddressbook.ui.PickImageActivity
ADDED from src\main\AndroidManifest.xml:123:9-126:20
	android:theme
		ADDED from src\main\AndroidManifest.xml:125:13-56
	android:name
		ADDED from src\main\AndroidManifest.xml:124:13-70
activity#com.lyy.yyaddressbook.ui.ClipImageActivity
ADDED from src\main\AndroidManifest.xml:127:9-128:20
	android:name
		ADDED from src\main\AndroidManifest.xml:127:19-76
activity#com.lyy.yyaddressbook.ui.GroupedContactActivity
ADDED from src\main\AndroidManifest.xml:129:9-130:20
	android:name
		ADDED from src\main\AndroidManifest.xml:129:19-81